[38;5;127mapps[0m/[38;5;172manaconda3[0m/[38;5;67m2024.06[0m/[38;5;68mbin[0m
 |
 [0;32mOK[0m
[38;5;127mlibs[0m/[38;5;172mnvidia-cuda[0m/[38;5;67m12.4.0[0m/[38;5;68mbin[0m
 |
 [0;32mOK[0m
[38;5;127mgcc[0m/[38;5;172m9.3.0[0m
 |
 [0;32mOK[0m
[38;5;127mlibs[0m/[38;5;172mgcc[0m/[38;5;67m14.1.0[0m
 |
 [0;32mOK[0m
[38;5;127mmpi[0m/[38;5;172mopenmpi[0m/[38;5;67m5.0.3[0m/[38;5;68mgcc-14.1.0[0m
 | -- [38;5;127mlibs[0m/[38;5;172mgcc[0m/[38;5;67m14.1.0[0m ... [0;33mSKIPPED[0m (already loaded)
 |
 [0;32mOK[0m
/users/pahlawat/gridware/share/python/3.10.5/lib/python3.9/site-packages/nequip/__init__.py:20: UserWarning: !! PyTorch version 2.5.1 found. Upstream issues in PyTorch versions 1.13.* and 2.* have been seen to cause unusual performance degredations on some CUDA systems that become worse over time; see https://github.com/mir-group/nequip/discussions/311. The best tested PyTorch version to use with CUDA devices is 1.11; while using other versions if you observe this problem, an unexpected lack of this problem, or other strange behavior, please post in the linked GitHub issue.
  warnings.warn(
/users/pahlawat/gridware/share/python/3.10.5/lib/python3.9/site-packages/spglib/spglib.py:115: DeprecationWarning: dict interface (SpglibDataset['number']) is deprecated.Use attribute interface ({self.__class__.__name__}.{key}) instead
  warnings.warn(
/users/pahlawat/gridware/share/python/3.10.5/lib/python3.9/site-packages/spglib/spglib.py:115: DeprecationWarning: dict interface (SpglibDataset['international']) is deprecated.Use attribute interface ({self.__class__.__name__}.{key}) instead
  warnings.warn(
/users/pahlawat/gridware/share/python/3.10.5/lib/python3.9/site-packages/spglib/spglib.py:115: DeprecationWarning: dict interface (SpglibDataset['hall']) is deprecated.Use attribute interface ({self.__class__.__name__}.{key}) instead
  warnings.warn(
/users/pahlawat/gridware/share/python/3.10.5/lib/python3.9/site-packages/nequip/utils/_global_options.py:62: UserWarning: Setting the GLOBAL value for jit fusion strategy to `[('DYNAMIC', 3)]` which is different than the previous value of `[('STATIC', 2), ('DYNAMIC', 10)]`
  warnings.warn(
/users/pahlawat/gridware/share/python/3.10.5/lib/python3.9/site-packages/nequip/ase/nequip_calculator.py:73: UserWarning: Trying to use chemical symbols as NequIP type names; this may not be correct for your model! To avoid this warning, please provide `species_to_type_name` explicitly.
  warnings.warn(
