PLUMED: PLUMED is starting
PLUMED: Version: 2.8.3 (git: 005a383) compiled on May 27 2024 at 00:37:11
PLUMED: Please cite these papers when using PLUMED [1][2]
PLUMED: For further information see the PLUMED web page at http://www.plumed.org
PLUMED: Root: /mnt/scratch2/q13camb_scratch/perovskites/installation_stuff/lammps-new/plumed2/
PLUMED: For installed feature, see /mnt/scratch2/q13camb_scratch/perovskites/installation_stuff/lammps-new/plumed2//src/config/config.txt
PLUMED: Molecular dynamics engine: LAMMPS
PLUMED: Precision of reals: 8
PLUMED: Running over 1 node
PLUMED: Number of threads: 1
PLUMED: Cache line size: 512
PLUMED: Number of atoms: 320
PLUMED: File suffix: 
PLUMED: FILE: plumed.dat
PLUMED: Action GROUP
PLUMED:   with label Cs
PLUMED:   list of atoms:
PLUMED:  1 2 3 4 5 6 7 8 9 10 11 12 13 14 15 16 17 18 19 20 21 22 23 24 25
PLUMED:  26 27 28 29 30 31 32 33 34 35 36 37 38 39 40 41 42 43 44 45 46 47 48 49 50
PLUMED:  51 52 53 54 55 56 57 58 59 60 61 62 63 64
PLUMED: Action GROUP
PLUMED:   with label I
PLUMED:   list of atoms:
PLUMED:  65 66 67 68 69 70 71 72 73 74 75 76 77 78 79 80 81 82 83 84 85 86 87 88 89
PLUMED:  90 91 92 93 94 95 96 97 98 99 100 101 102 103 104 105 106 107 108 109 110 111 112 113 114
PLUMED:  115 116 117 118 119 120 121 122 123 124 125 126 127 128 129 130 131 132 133 134 135 136 137 138 139
PLUMED:  140 141 142 143 144 145 146 147 148 149 150 151 152 153 154 155 156 157 158 159 160 161 162 163 164
PLUMED:  165 166 167 168 169 170 171 172 173 174 175 176 177 178 179 180 181 182 183 184 185 186 187 188 189
PLUMED:  190 191 192 193 194 195 196 197 198 199 200 201 202 203 204 205 206 207 208 209 210 211 212 213 214
PLUMED:  215 216 217 218 219 220 221 222 223 224 225 226 227 228 229 230 231 232 233 234 235 236 237 238 239
PLUMED:  240 241 242 243 244 245 246 247 248 249 250 251 252 253 254 255 256
PLUMED: Action GROUP
PLUMED:   with label Pb
PLUMED:   list of atoms:
PLUMED:  257 258 259 260 261 262 263 264 265 266 267 268 269 270 271 272 273 274 275 276 277 278 279 280 281
PLUMED:  282 283 284 285 286 287 288 289 290 291 292 293 294 295 296 297 298 299 300 301 302 303 304 305 306
PLUMED:  307 308 309 310 311 312 313 314 315 316 317 318 319 320
PLUMED: Action DSFTHREE
PLUMED:   with label perov
PLUMED:   between four groups of 64, 192, 64 and 64 atoms
PLUMED:   first group:
PLUMED:   257  258  259  260  261  262  263  264  265  266  267  268  269  270  271  272  273  274  275  276  277  278  279  280  
PLUMED:   281  282  283  284  285  286  287  288  289  290  291  292  293  294  295  296  297  298  299  300  301  302  303  304  305  
PLUMED:   306  307  308  309  310  311  312  313  314  315  316  317  318  319  320  
PLUMED:   second group:
PLUMED:   65  66  67  68  69  70  71  72  73  74  75  76  77  78  79  80  81  82  83  84  85  86  87  88  
PLUMED:   89  90  91  92  93  94  95  96  97  98  99  100  101  102  103  104  105  106  107  108  109  110  111  112  113  
PLUMED:   114  115  116  117  118  119  120  121  122  123  124  125  126  127  128  129  130  131  132  133  134  135  136  137  138  
PLUMED:   139  140  141  142  143  144  145  146  147  148  149  150  151  152  153  154  155  156  157  158  159  160  161  162  163  
PLUMED:   164  165  166  167  168  169  170  171  172  173  174  175  176  177  178  179  180  181  182  183  184  185  186  187  188  
PLUMED:   189  190  191  192  193  194  195  196  197  198  199  200  201  202  203  204  205  206  207  208  209  210  211  212  213  
PLUMED:   214  215  216  217  218  219  220  221  222  223  224  225  226  227  228  229  230  231  232  233  234  235  236  237  238  
PLUMED:   239  240  241  242  243  244  245  246  247  248  249  250  251  252  253  254  255  256  
PLUMED:   third group:
PLUMED:   257  258  259  260  261  262  263  264  265  266  267  268  269  270  271  272  273  274  275  276  277  278  279  280  
PLUMED:   281  282  283  284  285  286  287  288  289  290  291  292  293  294  295  296  297  298  299  300  301  302  303  304  305  
PLUMED:   306  307  308  309  310  311  312  313  314  315  316  317  318  319  320  
PLUMED:   fourth group:
PLUMED:   1  2  3  4  5  6  7  8  9  10  11  12  13  14  15  16  17  18  19  20  21  22  23  24  
PLUMED:   25  26  27  28  29  30  31  32  33  34  35  36  37  38  39  40  41  42  43  44  45  46  47  48  49  
PLUMED:   50  51  52  53  54  55  56  57  58  59  60  61  62  63  64  
PLUMED:   using periodic boundary conditions
PLUMED:   using neighbor lists with
PLUMED:   update every 10 steps and cutoff 1.500000 
PLUMED: Action ENERGY
PLUMED:   with label ene
PLUMED:   Bibliography [3][4]
PLUMED: Action VOLUME
PLUMED:   with label vol
PLUMED: Action CUSTOM
PLUMED:   with label intEne
PLUMED:   with arguments ene vol
PLUMED:   with function : x+0.06022140857*y
PLUMED:   with variables : x y
PLUMED:   function as parsed by lepton: (x)+(0.0602214*(y))
PLUMED:   derivatives as computed by lepton:
PLUMED:     1
PLUMED:     0.0602214
PLUMED: Action ECV_UMBRELLAS_LINE
PLUMED:   with label ecv2
PLUMED:   with arguments perov
PLUMED:   temperature = 300, beta = 0.400908
PLUMED:   added component to this action:  ecv2.perov 
PLUMED:   total number of umbrellas = 41
PLUMED:     with SIGMA = 0.1
PLUMED:     and SPACING = 5
PLUMED:   guess for free energy BARRIER = 20000
PLUMED: Action OPES_EXPANDED
PLUMED:   with label opes
PLUMED:   with arguments ecv2.perov
PLUMED:   added component to this action:  opes.bias 
PLUMED:   updating the bias with PACE = 100
PLUMED:   initial unbiased OBSERVATION_STEPS = 100 (in units of PACE)
PLUMED:   Bibliography: [5]
PLUMED: Action PRINT
PLUMED:   with label @9
PLUMED:   with stride 100
PLUMED:   with arguments perov ene vol intEne ecv2.perov opes.bias
PLUMED:   on file COLVAR
PLUMED:   with format  %g
PLUMED: END FILE: plumed.dat
PLUMED: Timestep: 0.002000
PLUMED: KbT has not been set by the MD engine
PLUMED: It should be set by hand where needed
PLUMED: Relevant bibliography:
PLUMED:   [1] The PLUMED consortium, Nat. Methods 16, 670 (2019)
PLUMED:   [2] Tribello, Bonomi, Branduardi, Camilloni, and Bussi, Comput. Phys. Commun. 185, 604 (2014)
PLUMED:   [3] Bartels and Karplus, J. Phys. Chem. B 102, 865 (1998)
PLUMED:   [4] Bonomi and Parrinello, J. Comp. Chem. 30, 1615 (2009)
PLUMED:   [5] M. Invernizzi, P.M. Piaggi, and M. Parrinello, Phys. Rev. X 10, 041034 (2020)
PLUMED: Please read and cite where appropriate!
PLUMED: Finished setup
PLUMED: 
PLUMED: Action OPES_EXPANDED
PLUMED:   *  41 windows for ECV_UMBRELLAS_LINE
PLUMED:  ->  41 DeltaFs in total
PLUMED: Finished initialization
PLUMED: 
