PLUMED: PLUMED is starting
PLUMED: Version: 2.8.3 (git: 005a383) compiled on Dec 15 2023 at 18:00:31
PLUMED: Please cite these papers when using PLUMED [1][2]
PLUMED: For further information see the PLUMED web page at http://www.plumed.org
PLUMED: Root: /home/pa483/Nequip_lammps/plumed2/
PLUMED: For installed feature, see /home/pa483/Nequip_lammps/plumed2//src/config/config.txt
PLUMED: Molecular dynamics engine: LAMMPS
PLUMED: Precision of reals: 8
PLUMED: Running over 1 node
PLUMED: Number of threads: 1
PLUMED: Cache line size: 512
PLUMED: Number of atoms: 640
PLUMED: File suffix: 
PLUMED: FILE: plumed.dat
PLUMED: Action GROUP
PLUMED:   with label Pb
PLUMED:   list of atoms:
PLUMED:  513 514 515 516 517 518 519 520 521 522 523 524 525 526 527 528 529 530 531 532 533 534 535 536 537
PLUMED:  538 539 540 541 542 543 544 545 546 547 548 549 550 551 552 553 554 555 556 557 558 559 560 561 562
PLUMED:  563 564 565 566 567 568 569 570 571 572 573 574 575 576 577 578 579 580 581 582 583 584 585 586 587
PLUMED:  588 589 590 591 592 593 594 595 596 597 598 599 600 601 602 603 604 605 606 607 608 609 610 611 612
PLUMED:  613 614 615 616 617 618 619 620 621 622 623 624 625 626 627 628 629 630 631 632 633 634 635 636 637
PLUMED:  638 639 640
PLUMED: Action GROUP
PLUMED:   with label Cs
PLUMED:   list of atoms:
PLUMED:  1 2 3 4 5 6 7 8 9 10 11 12 13 14 15 16 17 18 19 20 21 22 23 24 25
PLUMED:  26 27 28 29 30 31 32 33 34 35 36 37 38 39 40 41 42 43 44 45 46 47 48 49 50
PLUMED:  51 52 53 54 55 56 57 58 59 60 61 62 63 64 65 66 67 68 69 70 71 72 73 74 75
PLUMED:  76 77 78 79 80 81 82 83 84 85 86 87 88 89 90 91 92 93 94 95 96 97 98 99 100
PLUMED:  101 102 103 104 105 106 107 108 109 110 111 112 113 114 115 116 117 118 119 120 121 122 123 124 125
PLUMED:  126 127 128
PLUMED: Action GROUP
PLUMED:   with label Br
PLUMED:   list of atoms:
PLUMED:  129 130 131 132 133 134 135 136 137 138 139 140 141 142 143 144 145 146 147 148 149 150 151 152 153
PLUMED:  154 155 156 157 158 159 160 161 162 163 164 165 166 167 168 169 170 171 172 173 174 175 176 177 178
PLUMED:  179 180 181 182 183 184 185 186 187 188 189 190 191 192 193 194 195 196 197 198 199 200 201 202 203
PLUMED:  204 205 206 207 208 209 210 211 212 213 214 215 216 217 218 219 220 221 222 223 224 225 226 227 228
PLUMED:  229 230 231 232 233 234 235 236 237 238 239 240 241 242 243 244 245 246 247 248 249 250 251 252 253
PLUMED:  254 255 256 257 258 259 260 261 262 263 264 265 266 267 268 269 270 271 272 273 274 275 276 277 278
PLUMED:  279 280 281 282 283 284 285 286 287 288 289 290 291 292 293 294 295 296 297 298 299 300 301 302 303
PLUMED:  304 305 306 307 308 309 310 311 312 313 314 315 316 317 318 319 320 321 322 323 324 325 326 327 328
PLUMED:  329 330 331 332 333 334 335 336 337 338 339 340 341 342 343 344 345 346 347 348 349 350 351 352 353
PLUMED:  354 355 356 357 358 359 360 361 362 363 364 365 366 367 368 369 370 371 372 373 374 375 376 377 378
PLUMED:  379 380 381 382 383 384 385 386 387 388 389 390 391 392 393 394 395 396 397 398 399 400 401 402 403
PLUMED:  404 405 406 407 408 409 410 411 412 413 414 415 416 417 418 419 420 421 422 423 424 425 426 427 428
PLUMED:  429 430 431 432 433 434 435 436 437 438 439 440 441 442 443 444 445 446 447 448 449 450 451 452 453
PLUMED:  454 455 456 457 458 459 460 461 462 463 464 465 466 467 468 469 470 471 472 473 474 475 476 477 478
PLUMED:  479 480 481 482 483 484 485 486 487 488 489 490 491 492 493 494 495 496 497 498 499 500 501 502 503
PLUMED:  504 505 506 507 508 509 510 511 512
PLUMED: Action DSFTHREE
PLUMED:   with label perov
PLUMED:   between four groups of 128, 384, 128 and 128 atoms
PLUMED:   first group:
PLUMED:   513  514  515  516  517  518  519  520  521  522  523  524  525  526  527  528  529  530  531  532  533  534  535  536  
PLUMED:   537  538  539  540  541  542  543  544  545  546  547  548  549  550  551  552  553  554  555  556  557  558  559  560  561  
PLUMED:   562  563  564  565  566  567  568  569  570  571  572  573  574  575  576  577  578  579  580  581  582  583  584  585  586  
PLUMED:   587  588  589  590  591  592  593  594  595  596  597  598  599  600  601  602  603  604  605  606  607  608  609  610  611  
PLUMED:   612  613  614  615  616  617  618  619  620  621  622  623  624  625  626  627  628  629  630  631  632  633  634  635  636  
PLUMED:   637  638  639  640  
PLUMED:   second group:
PLUMED:   129  130  131  132  133  134  135  136  137  138  139  140  141  142  143  144  145  146  147  148  149  150  151  152  
PLUMED:   153  154  155  156  157  158  159  160  161  162  163  164  165  166  167  168  169  170  171  172  173  174  175  176  177  
PLUMED:   178  179  180  181  182  183  184  185  186  187  188  189  190  191  192  193  194  195  196  197  198  199  200  201  202  
PLUMED:   203  204  205  206  207  208  209  210  211  212  213  214  215  216  217  218  219  220  221  222  223  224  225  226  227  
PLUMED:   228  229  230  231  232  233  234  235  236  237  238  239  240  241  242  243  244  245  246  247  248  249  250  251  252  
PLUMED:   253  254  255  256  257  258  259  260  261  262  263  264  265  266  267  268  269  270  271  272  273  274  275  276  277  
PLUMED:   278  279  280  281  282  283  284  285  286  287  288  289  290  291  292  293  294  295  296  297  298  299  300  301  302  
PLUMED:   303  304  305  306  307  308  309  310  311  312  313  314  315  316  317  318  319  320  321  322  323  324  325  326  327  
PLUMED:   328  329  330  331  332  333  334  335  336  337  338  339  340  341  342  343  344  345  346  347  348  349  350  351  352  
PLUMED:   353  354  355  356  357  358  359  360  361  362  363  364  365  366  367  368  369  370  371  372  373  374  375  376  377  
PLUMED:   378  379  380  381  382  383  384  385  386  387  388  389  390  391  392  393  394  395  396  397  398  399  400  401  402  
PLUMED:   403  404  405  406  407  408  409  410  411  412  413  414  415  416  417  418  419  420  421  422  423  424  425  426  427  
PLUMED:   428  429  430  431  432  433  434  435  436  437  438  439  440  441  442  443  444  445  446  447  448  449  450  451  452  
PLUMED:   453  454  455  456  457  458  459  460  461  462  463  464  465  466  467  468  469  470  471  472  473  474  475  476  477  
PLUMED:   478  479  480  481  482  483  484  485  486  487  488  489  490  491  492  493  494  495  496  497  498  499  500  501  502  
PLUMED:   503  504  505  506  507  508  509  510  511  512  
PLUMED:   third group:
PLUMED:   513  514  515  516  517  518  519  520  521  522  523  524  525  526  527  528  529  530  531  532  533  534  535  536  
PLUMED:   537  538  539  540  541  542  543  544  545  546  547  548  549  550  551  552  553  554  555  556  557  558  559  560  561  
PLUMED:   562  563  564  565  566  567  568  569  570  571  572  573  574  575  576  577  578  579  580  581  582  583  584  585  586  
PLUMED:   587  588  589  590  591  592  593  594  595  596  597  598  599  600  601  602  603  604  605  606  607  608  609  610  611  
PLUMED:   612  613  614  615  616  617  618  619  620  621  622  623  624  625  626  627  628  629  630  631  632  633  634  635  636  
PLUMED:   637  638  639  640  
PLUMED:   fourth group:
PLUMED:   1  2  3  4  5  6  7  8  9  10  11  12  13  14  15  16  17  18  19  20  21  22  23  24  
PLUMED:   25  26  27  28  29  30  31  32  33  34  35  36  37  38  39  40  41  42  43  44  45  46  47  48  49  
PLUMED:   50  51  52  53  54  55  56  57  58  59  60  61  62  63  64  65  66  67  68  69  70  71  72  73  74  
PLUMED:   75  76  77  78  79  80  81  82  83  84  85  86  87  88  89  90  91  92  93  94  95  96  97  98  99  
PLUMED:   100  101  102  103  104  105  106  107  108  109  110  111  112  113  114  115  116  117  118  119  120  121  122  123  124  
PLUMED:   125  126  127  128  
PLUMED:   using periodic boundary conditions
PLUMED:   using neighbor lists with
PLUMED:   update every 10 steps and cutoff 1.500000 
PLUMED: Action ENERGY
PLUMED:   with label ene
PLUMED:   Bibliography [3][4]
PLUMED: Action VOLUME
PLUMED:   with label vol
PLUMED: Action CUSTOM
PLUMED:   with label intEne
PLUMED:   with arguments ene vol
PLUMED:   with function : x+0.06022140857*y
PLUMED:   with variables : x y
PLUMED:   function as parsed by lepton: (x)+(0.0602214*(y))
PLUMED:   derivatives as computed by lepton:
PLUMED:     1
PLUMED:     0.0602214
PLUMED: Action ECV_UMBRELLAS_LINE
PLUMED:   with label ecv2
PLUMED:   with arguments perov
PLUMED:   temperature = 400, beta = 0.300681
PLUMED:   added component to this action:  ecv2.perov 
PLUMED:   total number of umbrellas = 51
PLUMED:     with SIGMA = 0.2
PLUMED:     and SPACING = 10
PLUMED:   guess for free energy BARRIER = 40000
PLUMED: Action OPES_EXPANDED
PLUMED:   with label opes
PLUMED:   with arguments ecv2.perov
PLUMED:   added component to this action:  opes.bias 
PLUMED:   updating the bias with PACE = 100
PLUMED:   initial unbiased OBSERVATION_STEPS = 100 (in units of PACE)
PLUMED:   Bibliography: [5]
PLUMED: Action PRINT
PLUMED:   with label @9
PLUMED:   with stride 500
PLUMED:   with arguments perov ene vol intEne ecv2.perov opes.bias
PLUMED:   on file COLVAR
PLUMED:   with format  %g
PLUMED: END FILE: plumed.dat
PLUMED: Timestep: 0.002000
PLUMED: KbT has not been set by the MD engine
PLUMED: It should be set by hand where needed
PLUMED: Relevant bibliography:
PLUMED:   [1] The PLUMED consortium, Nat. Methods 16, 670 (2019)
PLUMED:   [2] Tribello, Bonomi, Branduardi, Camilloni, and Bussi, Comput. Phys. Commun. 185, 604 (2014)
PLUMED:   [3] Bartels and Karplus, J. Phys. Chem. B 102, 865 (1998)
PLUMED:   [4] Bonomi and Parrinello, J. Comp. Chem. 30, 1615 (2009)
PLUMED:   [5] M. Invernizzi, P.M. Piaggi, and M. Parrinello, Phys. Rev. X 10, 041034 (2020)
PLUMED: Please read and cite where appropriate!
PLUMED: Finished setup
PLUMED: 
PLUMED: Action OPES_EXPANDED
PLUMED:   *  51 windows for ECV_UMBRELLAS_LINE
PLUMED:  ->  51 DeltaFs in total
PLUMED: Finished initialization
PLUMED: 
